<?xml version="1.0" encoding="UTF-8"?>
<testsuite name="com.shoppingmall.api.JusoUtilTest" tests="2" skipped="0" failures="0" errors="0" timestamp="2023-01-09T02:09:43" hostname="DESKTOP-BHD5HLL" time="0.314">
  <properties/>
  <testcase name="jusoTest()" classname="com.shoppingmall.api.JusoUtilTest" time="0.312"/>
  <testcase name="jusoTest2()" classname="com.shoppingmall.api.JusoUtilTest" time="0.0"/>
  <system-out><![CDATA[도화-2길
-------------------------

-------------------------
]]></system-out>
  <system-err><![CDATA[]]></system-err>
</testsuite>
