<?xml version="1.0" encoding="UTF-8"?>
<testsuite name="com.shoppingmall.api.Test2" tests="2" skipped="0" failures="0" errors="0" timestamp="2023-01-09T02:09:43" hostname="DESKTOP-BHD5HLL" time="0.034">
  <properties/>
  <testcase name="test()" classname="com.shoppingmall.api.Test2" time="0.019"/>
  <testcase name="passwordEncTest()" classname="com.shoppingmall.api.Test2" time="0.014"/>
  <system-out><![CDATA[startDate :  2023-01-10T00:00  , endDate : 2023-01-10T23:59:59
2023-01-10 00:00:00.0
2023-01-10 00:00:00
9f86d081884c7d659a2feaa0c55ad015a3bf4f1b2b0b822cd15d6c15b0f00a08
]]></system-out>
  <system-err><![CDATA[]]></system-err>
</testsuite>
